2018-09-08 15:20:44,839 [Worker-1] INFO  c.g.t.t.d.PublishedGradleVersions - Gradle version information cache is up-to-date. Trying to read.
2018-09-08 15:48:09,131 [Worker-20] INFO  o.e.m.c.i.l.LifecycleMappingFactory - Using org.maven.ide.eclipse.wtp.WarLifecycleMapping lifecycle mapping for MavenProject: com.samemart:com-samemart:0.0.1-SNAPSHOT @ C:\samemart-monolith\com-samemart\pom.xml.
2018-09-08 15:48:10,654 [Worker-20] INFO  o.e.m.j.i.AbstractJavaProjectConfigurator - Adding source folder /com-samemart/src/main/java
2018-09-08 15:48:10,656 [Worker-20] INFO  o.e.m.j.i.AbstractJavaProjectConfigurator - Adding resource folder /com-samemart/src/main/resources
2018-09-08 15:48:10,657 [Worker-20] INFO  o.e.m.j.i.AbstractJavaProjectConfigurator - Adding source folder /com-samemart/src/test/java
2018-09-08 15:48:10,657 [Worker-20] INFO  o.e.m.j.i.AbstractJavaProjectConfigurator - Adding resource folder /com-samemart/src/test/resources
2018-09-08 15:48:14,172 [Worker-20] WARN  o.e.m.c.i.embedder.EclipseLogger - Using platform encoding (Cp1252 actually) to copy filtered resources, i.e. build is platform dependent!
2018-09-08 15:48:14,184 [Worker-20] INFO  o.e.m.c.i.embedder.EclipseLogger - Copying 0 resource
2018-09-08 15:48:14,186 [Worker-20] WARN  o.e.m.c.i.embedder.EclipseLogger - Using platform encoding (Cp1252 actually) to copy filtered resources, i.e. build is platform dependent!
2018-09-08 15:48:14,188 [Worker-20] INFO  o.e.m.c.i.embedder.EclipseLogger - Copying 0 resource
2018-09-08 15:49:12,677 [Worker-20] WARN  o.e.m.c.i.embedder.EclipseLogger - Using platform encoding (Cp1252 actually) to copy filtered resources, i.e. build is platform dependent!
2018-09-08 15:49:12,686 [Worker-20] INFO  o.e.m.c.i.embedder.EclipseLogger - Copying 0 resource
2018-09-08 15:49:12,688 [Worker-20] WARN  o.e.m.c.i.embedder.EclipseLogger - Using platform encoding (Cp1252 actually) to copy filtered resources, i.e. build is platform dependent!
2018-09-08 15:49:12,692 [Worker-20] INFO  o.e.m.c.i.embedder.EclipseLogger - Copying 0 resource
2018-09-08 15:49:14,593 [Worker-18] INFO  o.e.m.c.i.l.LifecycleMappingFactory - Using org.maven.ide.eclipse.wtp.WarLifecycleMapping lifecycle mapping for MavenProject: com.samemart:com-samemart:0.0.1-SNAPSHOT @ C:\samemart-monolith\com-samemart\pom.xml.
2018-09-08 15:49:15,464 [Worker-18] INFO  o.e.m.c.i.embedder.EclipseLogger - Using 'UTF-8' encoding to copy filtered resources.
2018-09-08 15:49:15,470 [Worker-18] INFO  o.e.m.c.i.embedder.EclipseLogger - Copying 0 resource
2018-09-08 15:49:15,473 [Worker-18] INFO  o.e.m.c.i.embedder.EclipseLogger - Using 'UTF-8' encoding to copy filtered resources.
2018-09-08 15:49:15,474 [Worker-18] INFO  o.e.m.c.i.embedder.EclipseLogger - Copying 0 resource
2018-09-08 15:49:15,475 [Worker-18] INFO  o.e.m.w.i.f.ResourceFilteringBuildParticipant - Changed resources require a complete clean of filtered resources of com-samemart
2018-09-08 15:49:15,477 [Worker-18] INFO  o.e.m.w.i.f.ResourceFilteringBuildParticipant - Executing resource filtering for com-samemart
2018-09-08 15:49:15,485 [Worker-18] INFO  o.e.m.c.i.embedder.EclipseLogger - Using 'UTF-8' encoding to copy filtered resources.
2018-09-08 15:50:01,643 [Worker-24] INFO  o.e.m.c.i.l.LifecycleMappingFactory - Using org.maven.ide.eclipse.wtp.WarLifecycleMapping lifecycle mapping for MavenProject: com.samemart:com-samemart:0.0.1-SNAPSHOT @ C:\samemart-monolith\com-samemart\pom.xml.
2018-09-08 15:50:02,539 [Worker-24] INFO  o.e.m.c.i.embedder.EclipseLogger - Using 'UTF-8' encoding to copy filtered resources.
2018-09-08 15:50:02,548 [Worker-24] INFO  o.e.m.c.i.embedder.EclipseLogger - Copying 0 resource
2018-09-08 15:50:02,550 [Worker-24] INFO  o.e.m.c.i.embedder.EclipseLogger - Using 'UTF-8' encoding to copy filtered resources.
2018-09-08 15:50:02,551 [Worker-24] INFO  o.e.m.c.i.embedder.EclipseLogger - Copying 0 resource
2018-09-08 15:50:02,551 [Worker-24] INFO  o.e.m.w.i.f.ResourceFilteringBuildParticipant - Changed resources require a complete clean of filtered resources of com-samemart
2018-09-08 15:50:02,552 [Worker-24] INFO  o.e.m.w.i.f.ResourceFilteringBuildParticipant - Executing resource filtering for com-samemart
2018-09-08 15:50:02,558 [Worker-24] INFO  o.e.m.c.i.embedder.EclipseLogger - Using 'UTF-8' encoding to copy filtered resources.
2018-09-08 15:51:20,326 [Worker-23] WARN  o.e.m.c.i.embedder.EclipseLogger - The artifact org.apache.commons:commons-io:jar:1.3.2 has been relocated to commons-io:commons-io:jar:1.3.2
2018-09-08 15:51:20,713 [Worker-20] INFO  o.e.m.c.i.l.LifecycleMappingFactory - Using org.maven.ide.eclipse.wtp.WarLifecycleMapping lifecycle mapping for MavenProject: com.samemart:com-samemart:0.0.1-SNAPSHOT @ C:\samemart-monolith\com-samemart\pom.xml.
2018-09-08 15:51:20,896 [Worker-20] WARN  o.e.m.c.i.embedder.EclipseLogger - The artifact org.apache.commons:commons-io:jar:1.3.2 has been relocated to commons-io:commons-io:jar:1.3.2
2018-09-08 15:51:21,085 [Worker-20] WARN  o.e.m.c.i.embedder.EclipseLogger - The artifact org.apache.commons:commons-io:jar:1.3.2 has been relocated to commons-io:commons-io:jar:1.3.2
2018-09-08 15:51:21,893 [Worker-20] INFO  o.e.m.c.i.embedder.EclipseLogger - Using 'UTF-8' encoding to copy filtered resources.
2018-09-08 15:51:21,899 [Worker-20] INFO  o.e.m.c.i.embedder.EclipseLogger - Copying 0 resource
2018-09-08 15:51:21,901 [Worker-20] INFO  o.e.m.c.i.embedder.EclipseLogger - Using 'UTF-8' encoding to copy filtered resources.
2018-09-08 15:51:21,902 [Worker-20] INFO  o.e.m.c.i.embedder.EclipseLogger - Copying 0 resource
2018-09-08 15:51:21,903 [Worker-20] INFO  o.e.m.w.i.f.ResourceFilteringBuildParticipant - Changed resources require a complete clean of filtered resources of com-samemart
2018-09-08 15:51:21,903 [Worker-20] INFO  o.e.m.w.i.f.ResourceFilteringBuildParticipant - Executing resource filtering for com-samemart
2018-09-08 15:51:21,909 [Worker-20] INFO  o.e.m.c.i.embedder.EclipseLogger - Using 'UTF-8' encoding to copy filtered resources.
2018-09-08 15:55:20,267 [Worker-21] WARN  o.e.m.c.i.embedder.EclipseLogger - The artifact org.apache.commons:commons-io:jar:1.3.2 has been relocated to commons-io:commons-io:jar:1.3.2
2018-09-08 15:55:20,723 [Worker-25] INFO  o.e.m.c.i.l.LifecycleMappingFactory - Using org.maven.ide.eclipse.wtp.WarLifecycleMapping lifecycle mapping for MavenProject: com.samemart:com-samemart:0.0.1-SNAPSHOT @ C:\samemart-monolith\com-samemart\pom.xml.
2018-09-08 15:55:20,861 [Worker-25] WARN  o.e.m.c.i.embedder.EclipseLogger - The artifact org.apache.commons:commons-io:jar:1.3.2 has been relocated to commons-io:commons-io:jar:1.3.2
2018-09-08 15:55:21,048 [Worker-25] WARN  o.e.m.c.i.embedder.EclipseLogger - The artifact org.apache.commons:commons-io:jar:1.3.2 has been relocated to commons-io:commons-io:jar:1.3.2
2018-09-08 15:55:21,858 [Worker-25] INFO  o.e.m.c.i.embedder.EclipseLogger - Using 'UTF-8' encoding to copy filtered resources.
2018-09-08 15:55:21,862 [Worker-25] INFO  o.e.m.c.i.embedder.EclipseLogger - Copying 0 resource
2018-09-08 15:55:21,863 [Worker-25] INFO  o.e.m.c.i.embedder.EclipseLogger - Using 'UTF-8' encoding to copy filtered resources.
2018-09-08 15:55:21,864 [Worker-25] INFO  o.e.m.c.i.embedder.EclipseLogger - Copying 0 resource
2018-09-08 15:55:21,864 [Worker-25] INFO  o.e.m.w.i.f.ResourceFilteringBuildParticipant - Changed resources require a complete clean of filtered resources of com-samemart
2018-09-08 15:55:21,864 [Worker-25] INFO  o.e.m.w.i.f.ResourceFilteringBuildParticipant - Executing resource filtering for com-samemart
2018-09-08 15:55:21,869 [Worker-25] INFO  o.e.m.c.i.embedder.EclipseLogger - Using 'UTF-8' encoding to copy filtered resources.
2018-09-08 15:55:46,517 [Worker-21] WARN  o.e.m.c.i.embedder.EclipseLogger - The artifact org.apache.commons:commons-io:jar:1.3.2 has been relocated to commons-io:commons-io:jar:1.3.2
2018-09-08 15:55:47,174 [Worker-23] INFO  o.e.m.c.i.l.LifecycleMappingFactory - Using org.maven.ide.eclipse.wtp.WarLifecycleMapping lifecycle mapping for MavenProject: com.samemart:com-samemart:0.0.1-SNAPSHOT @ C:\samemart-monolith\com-samemart\pom.xml.
2018-09-08 15:55:47,292 [Worker-23] WARN  o.e.m.c.i.embedder.EclipseLogger - The artifact org.apache.commons:commons-io:jar:1.3.2 has been relocated to commons-io:commons-io:jar:1.3.2
2018-09-08 15:55:47,502 [Worker-23] WARN  o.e.m.c.i.embedder.EclipseLogger - The artifact org.apache.commons:commons-io:jar:1.3.2 has been relocated to commons-io:commons-io:jar:1.3.2
2018-09-08 15:55:48,311 [Worker-23] INFO  o.e.m.c.i.embedder.EclipseLogger - Using 'UTF-8' encoding to copy filtered resources.
2018-09-08 15:55:48,317 [Worker-23] INFO  o.e.m.c.i.embedder.EclipseLogger - Copying 0 resource
2018-09-08 15:55:48,320 [Worker-23] INFO  o.e.m.c.i.embedder.EclipseLogger - Using 'UTF-8' encoding to copy filtered resources.
2018-09-08 15:55:48,320 [Worker-23] INFO  o.e.m.c.i.embedder.EclipseLogger - Copying 0 resource
2018-09-08 15:55:48,321 [Worker-23] INFO  o.e.m.w.i.f.ResourceFilteringBuildParticipant - Changed resources require a complete clean of filtered resources of com-samemart
2018-09-08 15:55:48,321 [Worker-23] INFO  o.e.m.w.i.f.ResourceFilteringBuildParticipant - Executing resource filtering for com-samemart
2018-09-08 15:55:48,327 [Worker-23] INFO  o.e.m.c.i.embedder.EclipseLogger - Using 'UTF-8' encoding to copy filtered resources.
2018-09-08 15:56:44,297 [Worker-21] WARN  o.e.m.c.i.embedder.EclipseLogger - The artifact org.apache.commons:commons-io:jar:1.3.2 has been relocated to commons-io:commons-io:jar:1.3.2
2018-09-08 15:56:44,916 [Worker-21] INFO  o.e.m.c.i.embedder.EclipseLogger - Using 'UTF-8' encoding to copy filtered resources.
2018-09-08 15:56:44,923 [Worker-21] INFO  o.e.m.c.i.embedder.EclipseLogger - Copying 0 resource
2018-09-08 15:56:44,927 [Worker-21] INFO  o.e.m.c.i.embedder.EclipseLogger - Using 'UTF-8' encoding to copy filtered resources.
2018-09-08 15:56:44,927 [Worker-21] INFO  o.e.m.c.i.embedder.EclipseLogger - Copying 0 resource
2018-09-08 15:57:08,582 [Worker-25] INFO  o.e.m.c.i.p.ProjectConfigurationManager - Update started
2018-09-08 15:57:09,273 [Worker-25] INFO  o.e.m.c.i.l.LifecycleMappingFactory - Using org.maven.ide.eclipse.wtp.WarLifecycleMapping lifecycle mapping for MavenProject: com.samemart:com-samemart:0.0.1-SNAPSHOT @ C:\samemart-monolith\com-samemart\pom.xml.
2018-09-08 15:57:09,470 [Worker-25] WARN  o.e.m.c.i.embedder.EclipseLogger - The artifact org.apache.commons:commons-io:jar:1.3.2 has been relocated to commons-io:commons-io:jar:1.3.2
2018-09-08 15:57:09,636 [Worker-25] WARN  o.e.m.c.i.embedder.EclipseLogger - The artifact org.apache.commons:commons-io:jar:1.3.2 has been relocated to commons-io:commons-io:jar:1.3.2
2018-09-08 15:57:10,042 [Worker-25] WARN  o.e.m.c.i.embedder.EclipseLogger - The artifact org.apache.commons:commons-io:jar:1.3.2 has been relocated to commons-io:commons-io:jar:1.3.2
2018-09-08 15:57:10,447 [Worker-25] INFO  o.e.m.j.i.AbstractJavaProjectConfigurator - Adding source folder /com-samemart/src/main/java
2018-09-08 15:57:10,448 [Worker-25] INFO  o.e.m.j.i.AbstractJavaProjectConfigurator - Adding resource folder /com-samemart/src/main/resources
2018-09-08 15:57:10,528 [Worker-25] INFO  o.e.m.j.i.AbstractJavaProjectConfigurator - Adding source folder /com-samemart/src/test/java
2018-09-08 15:57:10,529 [Worker-25] INFO  o.e.m.j.i.AbstractJavaProjectConfigurator - Adding resource folder /com-samemart/src/test/resources
2018-09-08 15:57:11,353 [Worker-25] WARN  o.e.m.c.i.embedder.EclipseLogger - The artifact org.apache.commons:commons-io:jar:1.3.2 has been relocated to commons-io:commons-io:jar:1.3.2
2018-09-08 15:57:11,698 [Worker-25] INFO  o.e.m.w.i.f.ResourceFilteringBuildParticipant - Cleaning filtered folder for com-samemart
2018-09-08 15:57:11,728 [Worker-25] INFO  o.e.m.c.i.p.ProjectConfigurationManager - Update completed: 3 sec
2018-09-08 15:57:11,974 [Worker-23] WARN  o.e.m.c.i.embedder.EclipseLogger - The artifact org.apache.commons:commons-io:jar:1.3.2 has been relocated to commons-io:commons-io:jar:1.3.2
2018-09-08 15:57:12,638 [Worker-23] INFO  o.e.m.c.i.embedder.EclipseLogger - Using 'UTF-8' encoding to copy filtered resources.
2018-09-08 15:57:12,639 [Worker-23] INFO  o.e.m.c.i.embedder.EclipseLogger - Copying 0 resource
2018-09-08 15:57:12,641 [Worker-23] INFO  o.e.m.c.i.embedder.EclipseLogger - Using 'UTF-8' encoding to copy filtered resources.
2018-09-08 15:57:12,642 [Worker-23] INFO  o.e.m.c.i.embedder.EclipseLogger - Copying 0 resource
2018-09-08 15:57:12,642 [Worker-23] INFO  o.e.m.w.i.f.ResourceFilteringBuildParticipant - Changed resources require a complete clean of filtered resources of com-samemart
2018-09-08 15:57:12,643 [Worker-23] INFO  o.e.m.w.i.f.ResourceFilteringBuildParticipant - Executing resource filtering for com-samemart
2018-09-08 15:57:12,647 [Worker-23] INFO  o.e.m.c.i.embedder.EclipseLogger - Using 'UTF-8' encoding to copy filtered resources.
2018-09-08 15:57:16,406 [Worker-26] INFO  o.e.m.c.i.embedder.EclipseLogger - Using 'UTF-8' encoding to copy filtered resources.
2018-09-08 15:57:16,444 [Worker-26] INFO  o.e.m.c.i.embedder.EclipseLogger - Copying 0 resource
2018-09-08 15:57:16,445 [Worker-26] INFO  o.e.m.c.i.embedder.EclipseLogger - Using 'UTF-8' encoding to copy filtered resources.
2018-09-08 15:57:16,446 [Worker-26] INFO  o.e.m.c.i.embedder.EclipseLogger - Copying 0 resource
2018-09-08 15:57:48,803 [Worker-25] INFO  o.e.m.c.i.embedder.EclipseLogger - Using 'UTF-8' encoding to copy filtered resources.
2018-09-08 15:57:48,807 [Worker-25] INFO  o.e.m.c.i.embedder.EclipseLogger - Copying 1 resource
2018-09-08 15:57:48,847 [Worker-25] INFO  o.e.m.c.i.embedder.EclipseLogger - Using 'UTF-8' encoding to copy filtered resources.
2018-09-08 15:57:48,847 [Worker-25] INFO  o.e.m.c.i.embedder.EclipseLogger - Copying 0 resource
2018-09-08 15:57:58,012 [Worker-27] INFO  o.e.m.c.i.embedder.EclipseLogger - Using 'UTF-8' encoding to copy filtered resources.
2018-09-08 15:57:58,013 [Worker-27] INFO  o.e.m.c.i.embedder.EclipseLogger - Copying 4 resources
2018-09-08 15:57:58,039 [Worker-27] INFO  o.e.m.c.i.embedder.EclipseLogger - Using 'UTF-8' encoding to copy filtered resources.
2018-09-08 15:57:58,039 [Worker-27] INFO  o.e.m.c.i.embedder.EclipseLogger - Copying 0 resource
2018-09-08 15:58:07,186 [Worker-27] INFO  o.e.m.c.i.embedder.EclipseLogger - Using 'UTF-8' encoding to copy filtered resources.
2018-09-08 15:58:07,187 [Worker-27] INFO  o.e.m.c.i.embedder.EclipseLogger - Copying 1 resource
2018-09-08 15:58:07,194 [Worker-27] INFO  o.e.m.c.i.embedder.EclipseLogger - Using 'UTF-8' encoding to copy filtered resources.
2018-09-08 15:58:07,195 [Worker-27] INFO  o.e.m.c.i.embedder.EclipseLogger - Copying 0 resource
2018-09-08 15:58:20,792 [Worker-20] INFO  o.e.m.c.i.embedder.EclipseLogger - Using 'UTF-8' encoding to copy filtered resources.
2018-09-08 15:58:20,812 [Worker-20] INFO  o.e.m.c.i.embedder.EclipseLogger - Copying 6 resources
2018-09-08 15:58:20,819 [Worker-20] INFO  o.e.m.c.i.embedder.EclipseLogger - Using 'UTF-8' encoding to copy filtered resources.
2018-09-08 15:58:20,830 [Worker-20] INFO  o.e.m.c.i.embedder.EclipseLogger - Copying 0 resource
2018-09-08 15:58:31,402 [Worker-26] INFO  o.e.m.c.i.embedder.EclipseLogger - Using 'UTF-8' encoding to copy filtered resources.
2018-09-08 15:58:31,405 [Worker-26] INFO  o.e.m.c.i.embedder.EclipseLogger - Copying 6 resources
2018-09-08 15:58:31,408 [Worker-26] INFO  o.e.m.c.i.embedder.EclipseLogger - Using 'UTF-8' encoding to copy filtered resources.
2018-09-08 15:58:31,409 [Worker-26] INFO  o.e.m.c.i.embedder.EclipseLogger - Copying 0 resource
2018-09-08 15:59:25,927 [Worker-25] INFO  o.e.m.c.i.embedder.EclipseLogger - Using 'UTF-8' encoding to copy filtered resources.
2018-09-08 15:59:25,928 [Worker-25] INFO  o.e.m.c.i.embedder.EclipseLogger - Copying 0 resource
2018-09-08 15:59:25,933 [Worker-25] INFO  o.e.m.c.i.embedder.EclipseLogger - Using 'UTF-8' encoding to copy filtered resources.
2018-09-08 15:59:25,934 [Worker-25] INFO  o.e.m.c.i.embedder.EclipseLogger - Copying 0 resource
2018-09-08 15:59:38,146 [Worker-23] INFO  o.e.m.c.i.embedder.EclipseLogger - Using 'UTF-8' encoding to copy filtered resources.
2018-09-08 15:59:38,147 [Worker-23] INFO  o.e.m.c.i.embedder.EclipseLogger - Copying 0 resource
2018-09-08 15:59:38,154 [Worker-23] INFO  o.e.m.c.i.embedder.EclipseLogger - Using 'UTF-8' encoding to copy filtered resources.
2018-09-08 15:59:38,156 [Worker-23] INFO  o.e.m.c.i.embedder.EclipseLogger - Copying 0 resource
2018-09-08 15:59:58,042 [Worker-21] INFO  o.e.m.c.i.embedder.EclipseLogger - Using 'UTF-8' encoding to copy filtered resources.
2018-09-08 15:59:58,045 [Worker-21] INFO  o.e.m.c.i.embedder.EclipseLogger - Copying 4 resources
2018-09-08 15:59:58,047 [Worker-21] INFO  o.e.m.c.i.embedder.EclipseLogger - Using 'UTF-8' encoding to copy filtered resources.
2018-09-08 15:59:58,047 [Worker-21] INFO  o.e.m.c.i.embedder.EclipseLogger - Copying 0 resource
2018-09-08 16:00:23,159 [Worker-27] INFO  o.e.m.i.launch.MavenLaunchDelegate - C:\samemart-monolith\com-samemart
2018-09-08 16:00:23,159 [Worker-27] INFO  o.e.m.i.launch.MavenLaunchDelegate -  mvn -B install
2018-09-08 16:00:43,506 [Worker-23] INFO  o.e.m.c.i.embedder.EclipseLogger - Using 'UTF-8' encoding to copy filtered resources.
2018-09-08 16:00:43,507 [Worker-23] INFO  o.e.m.c.i.embedder.EclipseLogger - Copying 0 resource
2018-09-08 16:00:43,508 [Worker-23] INFO  o.e.m.c.i.embedder.EclipseLogger - Using 'UTF-8' encoding to copy filtered resources.
2018-09-08 16:00:43,508 [Worker-23] INFO  o.e.m.c.i.embedder.EclipseLogger - Copying 0 resource
2018-09-08 16:01:45,281 [Worker-23] INFO  o.e.m.c.i.embedder.EclipseLogger - Using 'UTF-8' encoding to copy filtered resources.
2018-09-08 16:01:45,285 [Worker-23] INFO  o.e.m.c.i.embedder.EclipseLogger - Copying 4 resources
2018-09-08 16:01:45,327 [Worker-23] INFO  o.e.m.c.i.embedder.EclipseLogger - Using 'UTF-8' encoding to copy filtered resources.
2018-09-08 16:01:45,327 [Worker-23] INFO  o.e.m.c.i.embedder.EclipseLogger - Copying 0 resource
2018-09-08 16:02:16,324 [Worker-26] INFO  o.e.m.c.i.l.LifecycleMappingFactory - Using org.maven.ide.eclipse.wtp.WarLifecycleMapping lifecycle mapping for MavenProject: com.samemart:com-samemart:0.0.1-SNAPSHOT @ C:\samemart-monolith\com-samemart\pom.xml.
2018-09-08 16:02:16,517 [Worker-26] WARN  o.e.m.c.i.embedder.EclipseLogger - The artifact org.apache.commons:commons-io:jar:1.3.2 has been relocated to commons-io:commons-io:jar:1.3.2
2018-09-08 16:02:16,724 [Worker-26] WARN  o.e.m.c.i.embedder.EclipseLogger - The artifact org.apache.commons:commons-io:jar:1.3.2 has been relocated to commons-io:commons-io:jar:1.3.2
2018-09-08 16:02:17,127 [Worker-26] WARN  o.e.m.c.i.embedder.EclipseLogger - The artifact org.apache.commons:commons-io:jar:1.3.2 has been relocated to commons-io:commons-io:jar:1.3.2
2018-09-08 16:02:18,045 [Worker-25] WARN  o.e.m.c.i.embedder.EclipseLogger - The artifact org.apache.commons:commons-io:jar:1.3.2 has been relocated to commons-io:commons-io:jar:1.3.2
2018-09-08 16:02:18,675 [Worker-25] INFO  o.e.m.c.i.embedder.EclipseLogger - Using 'UTF-8' encoding to copy filtered resources.
2018-09-08 16:02:18,684 [Worker-25] INFO  o.e.m.c.i.embedder.EclipseLogger - Copying 4 resources
2018-09-08 16:02:18,729 [Worker-25] INFO  o.e.m.c.i.embedder.EclipseLogger - Using 'UTF-8' encoding to copy filtered resources.
2018-09-08 16:02:18,730 [Worker-25] INFO  o.e.m.c.i.embedder.EclipseLogger - Copying 0 resource
2018-09-08 16:04:54,433 [Worker-25] INFO  o.e.m.c.i.embedder.EclipseLogger - Using 'UTF-8' encoding to copy filtered resources.
2018-09-08 16:04:54,435 [Worker-25] INFO  o.e.m.c.i.embedder.EclipseLogger - Copying 4 resources
2018-09-08 16:04:54,440 [Worker-25] INFO  o.e.m.c.i.embedder.EclipseLogger - Using 'UTF-8' encoding to copy filtered resources.
2018-09-08 16:04:54,441 [Worker-25] INFO  o.e.m.c.i.embedder.EclipseLogger - Copying 0 resource
2018-09-08 16:06:18,260 [Worker-23] INFO  o.e.m.c.i.embedder.EclipseLogger - Using 'UTF-8' encoding to copy filtered resources.
2018-09-08 16:06:18,261 [Worker-23] INFO  o.e.m.c.i.embedder.EclipseLogger - Copying 1 resource
2018-09-08 16:06:18,271 [Worker-23] INFO  o.e.m.c.i.embedder.EclipseLogger - Using 'UTF-8' encoding to copy filtered resources.
2018-09-08 16:06:18,272 [Worker-23] INFO  o.e.m.c.i.embedder.EclipseLogger - Copying 0 resource
2018-09-08 16:12:13,669 [Worker-29] INFO  o.e.m.c.i.embedder.EclipseLogger - Using 'UTF-8' encoding to copy filtered resources.
2018-09-08 16:12:13,674 [Worker-29] INFO  o.e.m.c.i.embedder.EclipseLogger - Copying 5 resources
2018-09-08 16:12:13,677 [Worker-29] INFO  o.e.m.c.i.embedder.EclipseLogger - Using 'UTF-8' encoding to copy filtered resources.
2018-09-08 16:12:13,678 [Worker-29] INFO  o.e.m.c.i.embedder.EclipseLogger - Copying 0 resource
2018-09-08 16:12:30,565 [Worker-25] INFO  o.e.m.c.i.embedder.EclipseLogger - Using 'UTF-8' encoding to copy filtered resources.
2018-09-08 16:12:30,570 [Worker-25] INFO  o.e.m.c.i.embedder.EclipseLogger - Copying 5 resources
2018-09-08 16:12:30,574 [Worker-25] INFO  o.e.m.c.i.embedder.EclipseLogger - Using 'UTF-8' encoding to copy filtered resources.
2018-09-08 16:12:30,574 [Worker-25] INFO  o.e.m.c.i.embedder.EclipseLogger - Copying 0 resource
2018-09-08 17:17:27,265 [Worker-35] INFO  o.e.m.c.i.embedder.EclipseLogger - Using 'UTF-8' encoding to copy filtered resources.
2018-09-08 17:17:27,268 [Worker-35] INFO  o.e.m.c.i.embedder.EclipseLogger - Copying 5 resources
2018-09-08 17:17:27,271 [Worker-35] INFO  o.e.m.c.i.embedder.EclipseLogger - Using 'UTF-8' encoding to copy filtered resources.
2018-09-08 17:17:27,272 [Worker-35] INFO  o.e.m.c.i.embedder.EclipseLogger - Copying 0 resource
2018-09-08 17:31:51,258 [Worker-38] INFO  o.e.m.c.i.l.LifecycleMappingFactory - Using org.maven.ide.eclipse.wtp.WarLifecycleMapping lifecycle mapping for MavenProject: com.samemart:com-samemart:0.0.1-SNAPSHOT @ C:\samemart-monolith\com-samemart\pom.xml.
2018-09-08 17:31:51,431 [Worker-38] WARN  o.e.m.c.i.embedder.EclipseLogger - The artifact org.apache.commons:commons-io:jar:1.3.2 has been relocated to commons-io:commons-io:jar:1.3.2
2018-09-08 17:31:51,612 [Worker-38] WARN  o.e.m.c.i.embedder.EclipseLogger - The artifact org.apache.commons:commons-io:jar:1.3.2 has been relocated to commons-io:commons-io:jar:1.3.2
2018-09-08 17:31:52,038 [Worker-38] WARN  o.e.m.c.i.embedder.EclipseLogger - The artifact org.apache.commons:commons-io:jar:1.3.2 has been relocated to commons-io:commons-io:jar:1.3.2
2018-09-08 17:31:52,358 [Worker-38] INFO  o.e.m.c.i.embedder.EclipseLogger - Using 'UTF-8' encoding to copy filtered resources.
2018-09-08 17:31:52,364 [Worker-38] INFO  o.e.m.c.i.embedder.EclipseLogger - Copying 0 resource
2018-09-08 17:31:52,366 [Worker-38] INFO  o.e.m.c.i.embedder.EclipseLogger - Using 'UTF-8' encoding to copy filtered resources.
2018-09-08 17:31:52,366 [Worker-38] INFO  o.e.m.c.i.embedder.EclipseLogger - Copying 0 resource
2018-09-08 17:31:52,367 [Worker-38] INFO  o.e.m.w.i.f.ResourceFilteringBuildParticipant - Changed resources require a complete clean of filtered resources of com-samemart
2018-09-08 17:31:52,368 [Worker-38] INFO  o.e.m.w.i.f.ResourceFilteringBuildParticipant - Executing resource filtering for com-samemart
2018-09-08 17:31:52,376 [Worker-38] INFO  o.e.m.c.i.embedder.EclipseLogger - Using 'UTF-8' encoding to copy filtered resources.
2018-09-08 17:32:10,915 [Worker-36] INFO  o.e.m.i.launch.MavenLaunchDelegate - C:\samemart-monolith\com-samemart
2018-09-08 17:32:10,915 [Worker-36] INFO  o.e.m.i.launch.MavenLaunchDelegate -  mvn -B -s C:\samemartMaven\settings.xml install
2018-09-08 17:32:25,819 [Worker-39] WARN  o.e.m.c.i.embedder.EclipseLogger - The artifact org.apache.commons:commons-io:jar:1.3.2 has been relocated to commons-io:commons-io:jar:1.3.2
2018-09-08 17:32:26,249 [Worker-39] INFO  o.e.m.c.i.embedder.EclipseLogger - Using 'UTF-8' encoding to copy filtered resources.
2018-09-08 17:32:26,257 [Worker-39] INFO  o.e.m.c.i.embedder.EclipseLogger - Copying 5 resources
2018-09-08 17:32:26,266 [Worker-39] INFO  o.e.m.c.i.embedder.EclipseLogger - Using 'UTF-8' encoding to copy filtered resources.
2018-09-08 17:32:26,266 [Worker-39] INFO  o.e.m.c.i.embedder.EclipseLogger - Copying 0 resource
2018-09-08 17:32:38,412 [main] INFO  o.e.m2e.actions.ExecutePomAction - Creating new launch configuration
2018-09-08 17:33:47,459 [Worker-36] INFO  o.e.m.c.i.l.LifecycleMappingFactory - Using org.maven.ide.eclipse.wtp.WarLifecycleMapping lifecycle mapping for MavenProject: com.samemart:com-samemart:0.0.1-SNAPSHOT @ C:\samemart-monolith\com-samemart\pom.xml.
2018-09-08 17:33:47,675 [Worker-36] WARN  o.e.m.c.i.embedder.EclipseLogger - The artifact org.apache.commons:commons-io:jar:1.3.2 has been relocated to commons-io:commons-io:jar:1.3.2
2018-09-08 17:33:47,872 [Worker-36] WARN  o.e.m.c.i.embedder.EclipseLogger - The artifact org.apache.commons:commons-io:jar:1.3.2 has been relocated to commons-io:commons-io:jar:1.3.2
2018-09-08 17:33:48,279 [Worker-36] WARN  o.e.m.c.i.embedder.EclipseLogger - The artifact org.apache.commons:commons-io:jar:1.3.2 has been relocated to commons-io:commons-io:jar:1.3.2
2018-09-08 17:33:48,554 [Worker-36] INFO  o.e.m.c.i.embedder.EclipseLogger - Using 'UTF-8' encoding to copy filtered resources.
2018-09-08 17:33:48,561 [Worker-36] INFO  o.e.m.c.i.embedder.EclipseLogger - Copying 0 resource
2018-09-08 17:33:48,563 [Worker-36] INFO  o.e.m.c.i.embedder.EclipseLogger - Using 'UTF-8' encoding to copy filtered resources.
2018-09-08 17:33:48,563 [Worker-36] INFO  o.e.m.c.i.embedder.EclipseLogger - Copying 0 resource
2018-09-08 17:33:48,564 [Worker-36] INFO  o.e.m.w.i.f.ResourceFilteringBuildParticipant - Changed resources require a complete clean of filtered resources of com-samemart
2018-09-08 17:33:48,564 [Worker-36] INFO  o.e.m.w.i.f.ResourceFilteringBuildParticipant - Executing resource filtering for com-samemart
2018-09-08 17:33:48,569 [Worker-36] INFO  o.e.m.c.i.embedder.EclipseLogger - Using 'UTF-8' encoding to copy filtered resources.
2018-09-08 17:34:13,805 [Worker-38] INFO  o.e.m.c.i.l.LifecycleMappingFactory - Using org.maven.ide.eclipse.wtp.WarLifecycleMapping lifecycle mapping for MavenProject: com.samemart:com-samemart:0.0.1-SNAPSHOT @ C:\samemart-monolith\com-samemart\pom.xml.
2018-09-08 17:34:13,894 [Worker-41] INFO  o.e.m.c.i.e.AbstractTransferListenerAdapter - Downloading https://repo.maven.apache.org/maven2/javax/servlet/servlet-api/2.4/servlet-api-2.4.pom
2018-09-08 17:34:13,991 [Worker-41] INFO  o.e.m.c.i.e.AbstractTransferListenerAdapter - Downloaded https://repo.maven.apache.org/maven2/javax/servlet/servlet-api/2.4/servlet-api-2.4.pom
2018-09-08 17:34:14,020 [Worker-41] WARN  o.e.m.c.i.embedder.EclipseLogger - The artifact org.apache.commons:commons-io:jar:1.3.2 has been relocated to commons-io:commons-io:jar:1.3.2
2018-09-08 17:34:14,171 [Worker-38] INFO  o.e.m.c.i.e.AbstractTransferListenerAdapter - Downloading https://repo.maven.apache.org/maven2/javax/servlet/servlet-api/2.4/servlet-api-2.4.pom
2018-09-08 17:34:14,288 [Worker-38] INFO  o.e.m.c.i.e.AbstractTransferListenerAdapter - Downloaded https://repo.maven.apache.org/maven2/javax/servlet/servlet-api/2.4/servlet-api-2.4.pom
2018-09-08 17:34:14,337 [Worker-38] WARN  o.e.m.c.i.embedder.EclipseLogger - The artifact org.apache.commons:commons-io:jar:1.3.2 has been relocated to commons-io:commons-io:jar:1.3.2
2018-09-08 17:34:14,558 [Worker-38] WARN  o.e.m.c.i.embedder.EclipseLogger - The artifact org.apache.commons:commons-io:jar:1.3.2 has been relocated to commons-io:commons-io:jar:1.3.2
2018-09-08 17:34:15,737 [Worker-38] INFO  o.e.m.c.i.embedder.EclipseLogger - Using 'UTF-8' encoding to copy filtered resources.
2018-09-08 17:34:15,744 [Worker-38] INFO  o.e.m.c.i.embedder.EclipseLogger - Copying 0 resource
2018-09-08 17:34:15,746 [Worker-38] INFO  o.e.m.c.i.embedder.EclipseLogger - Using 'UTF-8' encoding to copy filtered resources.
2018-09-08 17:34:15,747 [Worker-38] INFO  o.e.m.c.i.embedder.EclipseLogger - Copying 0 resource
2018-09-08 17:34:15,747 [Worker-38] INFO  o.e.m.w.i.f.ResourceFilteringBuildParticipant - Changed resources require a complete clean of filtered resources of com-samemart
2018-09-08 17:34:15,747 [Worker-38] INFO  o.e.m.w.i.f.ResourceFilteringBuildParticipant - Executing resource filtering for com-samemart
2018-09-08 17:34:15,752 [Worker-38] INFO  o.e.m.c.i.embedder.EclipseLogger - Using 'UTF-8' encoding to copy filtered resources.
2018-09-08 17:34:22,154 [Worker-38] WARN  o.e.m.c.i.embedder.EclipseLogger - The artifact org.apache.commons:commons-io:jar:1.3.2 has been relocated to commons-io:commons-io:jar:1.3.2
2018-09-08 17:34:22,623 [Worker-36] INFO  o.e.m.c.i.l.LifecycleMappingFactory - Using org.maven.ide.eclipse.wtp.WarLifecycleMapping lifecycle mapping for MavenProject: com.samemart:com-samemart:0.0.1-SNAPSHOT @ C:\samemart-monolith\com-samemart\pom.xml.
2018-09-08 17:34:22,778 [Worker-36] WARN  o.e.m.c.i.embedder.EclipseLogger - The artifact org.apache.commons:commons-io:jar:1.3.2 has been relocated to commons-io:commons-io:jar:1.3.2
2018-09-08 17:34:22,946 [Worker-36] WARN  o.e.m.c.i.embedder.EclipseLogger - The artifact org.apache.commons:commons-io:jar:1.3.2 has been relocated to commons-io:commons-io:jar:1.3.2
2018-09-08 17:34:23,847 [Worker-36] INFO  o.e.m.c.i.embedder.EclipseLogger - Using 'UTF-8' encoding to copy filtered resources.
2018-09-08 17:34:23,852 [Worker-36] INFO  o.e.m.c.i.embedder.EclipseLogger - Copying 0 resource
2018-09-08 17:34:23,854 [Worker-36] INFO  o.e.m.c.i.embedder.EclipseLogger - Using 'UTF-8' encoding to copy filtered resources.
2018-09-08 17:34:23,855 [Worker-36] INFO  o.e.m.c.i.embedder.EclipseLogger - Copying 0 resource
2018-09-08 17:34:23,855 [Worker-36] INFO  o.e.m.w.i.f.ResourceFilteringBuildParticipant - Changed resources require a complete clean of filtered resources of com-samemart
2018-09-08 17:34:23,855 [Worker-36] INFO  o.e.m.w.i.f.ResourceFilteringBuildParticipant - Executing resource filtering for com-samemart
2018-09-08 17:34:23,861 [Worker-36] INFO  o.e.m.c.i.embedder.EclipseLogger - Using 'UTF-8' encoding to copy filtered resources.
2018-09-08 17:35:17,544 [Worker-38] WARN  o.e.m.c.i.embedder.EclipseLogger - The artifact org.apache.commons:commons-io:jar:1.3.2 has been relocated to commons-io:commons-io:jar:1.3.2
2018-09-08 17:35:17,901 [Worker-38] INFO  o.e.m.c.i.embedder.EclipseLogger - Using 'UTF-8' encoding to copy filtered resources.
2018-09-08 17:35:17,907 [Worker-38] INFO  o.e.m.c.i.embedder.EclipseLogger - Copying 0 resource
2018-09-08 17:35:17,911 [Worker-38] INFO  o.e.m.c.i.embedder.EclipseLogger - Using 'UTF-8' encoding to copy filtered resources.
2018-09-08 17:35:17,912 [Worker-38] INFO  o.e.m.c.i.embedder.EclipseLogger - Copying 0 resource
2018-09-08 17:35:46,079 [Worker-41] INFO  o.e.m.c.i.embedder.EclipseLogger - Using 'UTF-8' encoding to copy filtered resources.
2018-09-08 17:35:46,080 [Worker-41] INFO  o.e.m.c.i.embedder.EclipseLogger - Copying 1 resource
2018-09-08 17:35:46,096 [Worker-41] INFO  o.e.m.c.i.embedder.EclipseLogger - Using 'UTF-8' encoding to copy filtered resources.
2018-09-08 17:35:46,096 [Worker-41] INFO  o.e.m.c.i.embedder.EclipseLogger - Copying 0 resource
2018-09-08 17:35:57,479 [Worker-36] INFO  o.e.m.c.i.embedder.EclipseLogger - Using 'UTF-8' encoding to copy filtered resources.
2018-09-08 17:35:57,480 [Worker-36] INFO  o.e.m.c.i.embedder.EclipseLogger - Copying 1 resource
2018-09-08 17:35:57,489 [Worker-36] INFO  o.e.m.c.i.embedder.EclipseLogger - Using 'UTF-8' encoding to copy filtered resources.
2018-09-08 17:35:57,489 [Worker-36] INFO  o.e.m.c.i.embedder.EclipseLogger - Copying 0 resource
2018-09-08 17:39:34,541 [Worker-40] INFO  o.e.m.c.i.l.LifecycleMappingFactory - Using org.maven.ide.eclipse.wtp.WarLifecycleMapping lifecycle mapping for MavenProject: com.samemart:com-samemart:0.0.1-SNAPSHOT @ C:\samemart-monolith\com-samemart\pom.xml.
2018-09-08 17:39:34,694 [Worker-40] WARN  o.e.m.c.i.embedder.EclipseLogger - The artifact org.apache.commons:commons-io:jar:1.3.2 has been relocated to commons-io:commons-io:jar:1.3.2
2018-09-08 17:39:34,826 [Worker-40] WARN  o.e.m.c.i.embedder.EclipseLogger - The artifact org.apache.commons:commons-io:jar:1.3.2 has been relocated to commons-io:commons-io:jar:1.3.2
2018-09-08 17:39:35,173 [Worker-40] WARN  o.e.m.c.i.embedder.EclipseLogger - The artifact org.apache.commons:commons-io:jar:1.3.2 has been relocated to commons-io:commons-io:jar:1.3.2
2018-09-08 17:39:35,443 [Worker-40] INFO  o.e.m.c.i.embedder.EclipseLogger - Using 'UTF-8' encoding to copy filtered resources.
2018-09-08 17:39:35,447 [Worker-40] INFO  o.e.m.c.i.embedder.EclipseLogger - Copying 0 resource
2018-09-08 17:39:35,449 [Worker-40] INFO  o.e.m.c.i.embedder.EclipseLogger - Using 'UTF-8' encoding to copy filtered resources.
2018-09-08 17:39:35,450 [Worker-40] INFO  o.e.m.c.i.embedder.EclipseLogger - Copying 0 resource
2018-09-08 17:39:35,450 [Worker-40] INFO  o.e.m.w.i.f.ResourceFilteringBuildParticipant - Changed resources require a complete clean of filtered resources of com-samemart
2018-09-08 17:39:35,450 [Worker-40] INFO  o.e.m.w.i.f.ResourceFilteringBuildParticipant - Executing resource filtering for com-samemart
2018-09-08 17:39:35,456 [Worker-40] INFO  o.e.m.c.i.embedder.EclipseLogger - Using 'UTF-8' encoding to copy filtered resources.
2018-09-08 17:39:42,450 [Worker-40] WARN  o.e.m.c.i.embedder.EclipseLogger - The artifact org.apache.commons:commons-io:jar:1.3.2 has been relocated to commons-io:commons-io:jar:1.3.2
2018-09-08 17:39:42,827 [Worker-38] INFO  o.e.m.c.i.l.LifecycleMappingFactory - Using org.maven.ide.eclipse.wtp.WarLifecycleMapping lifecycle mapping for MavenProject: com.samemart:com-samemart:0.0.1-SNAPSHOT @ C:\samemart-monolith\com-samemart\pom.xml.
2018-09-08 17:39:42,968 [Worker-38] WARN  o.e.m.c.i.embedder.EclipseLogger - The artifact org.apache.commons:commons-io:jar:1.3.2 has been relocated to commons-io:commons-io:jar:1.3.2
2018-09-08 17:39:43,086 [Worker-38] WARN  o.e.m.c.i.embedder.EclipseLogger - The artifact org.apache.commons:commons-io:jar:1.3.2 has been relocated to commons-io:commons-io:jar:1.3.2
2018-09-08 17:39:43,610 [Worker-38] INFO  o.e.m.c.i.embedder.EclipseLogger - Using 'UTF-8' encoding to copy filtered resources.
2018-09-08 17:39:43,614 [Worker-38] INFO  o.e.m.c.i.embedder.EclipseLogger - Copying 0 resource
2018-09-08 17:39:43,616 [Worker-38] INFO  o.e.m.c.i.embedder.EclipseLogger - Using 'UTF-8' encoding to copy filtered resources.
2018-09-08 17:39:43,616 [Worker-38] INFO  o.e.m.c.i.embedder.EclipseLogger - Copying 0 resource
2018-09-08 17:39:43,616 [Worker-38] INFO  o.e.m.w.i.f.ResourceFilteringBuildParticipant - Changed resources require a complete clean of filtered resources of com-samemart
2018-09-08 17:39:43,617 [Worker-38] INFO  o.e.m.w.i.f.ResourceFilteringBuildParticipant - Executing resource filtering for com-samemart
2018-09-08 17:39:43,620 [Worker-38] INFO  o.e.m.c.i.embedder.EclipseLogger - Using 'UTF-8' encoding to copy filtered resources.
2018-09-08 17:40:08,274 [main] INFO  o.e.m2e.actions.ExecutePomAction - Using existing launch configuration
2018-09-08 17:40:21,958 [Worker-39] INFO  o.e.m.i.launch.MavenLaunchDelegate - C:\samemart-monolith\com-samemart
2018-09-08 17:40:21,958 [Worker-39] INFO  o.e.m.i.launch.MavenLaunchDelegate -  mvn -B -Dmaven.test.skip=true -DskipTests -s C:\samemartMaven\settings.xml tomcat7:run
2018-09-08 17:44:32,244 [Worker-37] INFO  o.e.m.i.launch.MavenLaunchDelegate - C:\samemart-monolith\com-samemart
2018-09-08 17:44:32,244 [Worker-37] INFO  o.e.m.i.launch.MavenLaunchDelegate -  mvn -B -s C:\samemartMaven\settings.xml install
2018-09-08 17:44:45,449 [Worker-43] WARN  o.e.m.c.i.embedder.EclipseLogger - The artifact org.apache.commons:commons-io:jar:1.3.2 has been relocated to commons-io:commons-io:jar:1.3.2
2018-09-08 17:44:45,731 [Worker-43] INFO  o.e.m.c.i.embedder.EclipseLogger - Using 'UTF-8' encoding to copy filtered resources.
2018-09-08 17:44:45,734 [Worker-43] INFO  o.e.m.c.i.embedder.EclipseLogger - Copying 0 resource
2018-09-08 17:44:45,736 [Worker-43] INFO  o.e.m.c.i.embedder.EclipseLogger - Using 'UTF-8' encoding to copy filtered resources.
2018-09-08 17:44:45,736 [Worker-43] INFO  o.e.m.c.i.embedder.EclipseLogger - Copying 0 resource
2018-09-08 17:44:57,918 [Worker-38] INFO  o.e.m.i.launch.MavenLaunchDelegate - C:\samemart-monolith\com-samemart
2018-09-08 17:44:57,918 [Worker-38] INFO  o.e.m.i.launch.MavenLaunchDelegate -  mvn -B -Dmaven.test.skip=true -DskipTests -s C:\samemartMaven\settings.xml tomcat7:run
2018-09-08 17:46:42,087 [Worker-37] INFO  o.e.m.c.i.embedder.EclipseLogger - Using 'UTF-8' encoding to copy filtered resources.
2018-09-08 17:46:42,088 [Worker-37] INFO  o.e.m.c.i.embedder.EclipseLogger - Copying 1 resource
2018-09-08 17:46:42,105 [Worker-37] INFO  o.e.m.c.i.embedder.EclipseLogger - Using 'UTF-8' encoding to copy filtered resources.
2018-09-08 17:46:42,105 [Worker-37] INFO  o.e.m.c.i.embedder.EclipseLogger - Copying 0 resource
2018-09-08 17:46:51,504 [Worker-38] INFO  o.e.m.i.launch.MavenLaunchDelegate - C:\samemart-monolith\com-samemart
